2024.03.26 23:20:22 INFO  Started: Metals version 1.2.2 in folders '/home/noureddine/Desktop/VS code coding/scala/my_project' for client Visual Studio Code 1.87.2.
23:20:26.288 [pool-1-thread-1] INFO org.flywaydb.core.internal.license.VersionPrinter -- Flyway Community Edition 9.22.3 by Redgate
23:20:26.291 [pool-1-thread-1] INFO org.flywaydb.core.internal.license.VersionPrinter -- See release notes here: https://rd.gt/416ObMi
23:20:26.291 [pool-1-thread-1] INFO org.flywaydb.core.internal.license.VersionPrinter -- 
23:20:26.294 [pool-1-thread-1] DEBUG org.flywaydb.core.internal.scanner.classpath.ClassPathScanner -- Scanning for classpath resources at 'classpath:db/callback' ...
23:20:26.294 [pool-1-thread-1] DEBUG org.flywaydb.core.internal.scanner.classpath.ClassPathScanner -- Determining location urls for classpath:db/callback using ClassLoader jdk.internal.loader.ClassLoaders$AppClassLoader@55054057 ...
23:20:26.294 [pool-1-thread-1] DEBUG org.flywaydb.core.internal.scanner.classpath.ClassPathScanner -- Unable to resolve location classpath:db/callback.
23:20:26.294 [pool-1-thread-1] DEBUG org.flywaydb.core.internal.scanner.classpath.ClassPathScanner -- Scanning for classpath resources at 'classpath:db/migration' ...
23:20:26.294 [pool-1-thread-1] DEBUG org.flywaydb.core.internal.scanner.classpath.ClassPathScanner -- Determining location urls for classpath:db/migration using ClassLoader jdk.internal.loader.ClassLoaders$AppClassLoader@55054057 ...
23:20:26.295 [pool-1-thread-1] DEBUG org.flywaydb.core.internal.scanner.classpath.ClassPathScanner -- Scanning URL: jar:file:/home/noureddine/.cache/coursier/v1/https/repo1.maven.org/maven2/org/scalameta/metals_2.13/1.2.2/metals_2.13-1.2.2.jar!/db/migration
23:20:26.299 [pool-1-thread-1] DEBUG org.flywaydb.core.internal.scanner.classpath.ClassPathScanner -- Found resource: db/migration/
23:20:26.299 [pool-1-thread-1] DEBUG org.flywaydb.core.internal.scanner.classpath.ClassPathScanner -- Found resource: db/migration/V1__Create_tables.sql
23:20:26.299 [pool-1-thread-1] DEBUG org.flywaydb.core.internal.scanner.classpath.ClassPathScanner -- Found resource: db/migration/V2__Server_discovery.sql
23:20:26.299 [pool-1-thread-1] DEBUG org.flywaydb.core.internal.scanner.classpath.ClassPathScanner -- Found resource: db/migration/V3__Jar_symbols.sql
23:20:26.299 [pool-1-thread-1] DEBUG org.flywaydb.core.internal.scanner.classpath.ClassPathScanner -- Found resource: db/migration/V4__Fingerprints.sql
23:20:26.299 [pool-1-thread-1] DEBUG org.flywaydb.core.internal.scanner.classpath.ClassPathScanner -- Scanning for classes at classpath:db/migration
23:20:26.305 [pool-1-thread-1] DEBUG org.flywaydb.core.internal.scanner.Scanner -- Filtering out resource: db/migration/ (filename: )
23:20:26.305 [pool-1-thread-1] DEBUG org.flywaydb.core.internal.resource.ResourceNameValidator -- Validating V1__Create_tables.sql
23:20:26.306 [pool-1-thread-1] DEBUG org.flywaydb.core.internal.resource.ResourceNameValidator -- Validating V4__Fingerprints.sql
23:20:26.307 [pool-1-thread-1] DEBUG org.flywaydb.core.internal.resource.ResourceNameValidator -- Validating V3__Jar_symbols.sql
23:20:26.307 [pool-1-thread-1] DEBUG org.flywaydb.core.internal.resource.ResourceNameValidator -- Validating V2__Server_discovery.sql
23:20:26.477 [pool-1-thread-1] INFO org.flywaydb.core.FlywayExecutor -- Database: jdbc:h2:file:/home/noureddine/Desktop/VS code coding/scala/my_project/.metals/metals (H2 2.2)
23:20:26.477 [pool-1-thread-1] DEBUG org.flywaydb.core.FlywayExecutor -- Driver: H2 JDBC Driver 2.2.224 (2023-09-17)
23:20:26.477 [pool-1-thread-1] DEBUG org.flywaydb.core.FlywayExecutor -- DDL Transactions Supported: false
23:20:26.478 [pool-1-thread-1] DEBUG org.flywaydb.core.internal.schemahistory.SchemaHistoryFactory -- Schemas: 
23:20:26.479 [pool-1-thread-1] DEBUG org.flywaydb.core.internal.schemahistory.SchemaHistoryFactory -- Default schema: null
23:20:26.483 [pool-1-thread-1] WARN org.flywaydb.core.internal.database.base.Database -- Flyway upgrade recommended: H2 2.2.224 is newer than this version of Flyway and support has not been tested. The latest supported version of H2 is 2.2.220.
23:20:26.485 [pool-1-thread-1] DEBUG org.flywaydb.core.internal.callback.SqlScriptCallbackFactory -- Scanning for SQL callbacks ...
23:20:26.485 [pool-1-thread-1] DEBUG org.flywaydb.core.internal.scanner.Scanner -- Filtering out resource: db/migration/ (filename: )
23:20:26.510 [pool-1-thread-1] DEBUG org.flywaydb.core.internal.command.DbValidate -- Validating migrations ...
23:20:26.518 [pool-1-thread-1] DEBUG org.flywaydb.core.internal.scanner.Scanner -- Filtering out resource: db/migration/ (filename: )
23:20:26.528 [pool-1-thread-1] DEBUG org.flywaydb.core.internal.scanner.Scanner -- Filtering out resource: db/migration/V1__Create_tables.sql (filename: V1__Create_tables.sql)
23:20:26.528 [pool-1-thread-1] DEBUG org.flywaydb.core.internal.scanner.Scanner -- Filtering out resource: db/migration/V4__Fingerprints.sql (filename: V4__Fingerprints.sql)
23:20:26.528 [pool-1-thread-1] DEBUG org.flywaydb.core.internal.scanner.Scanner -- Filtering out resource: db/migration/ (filename: )
23:20:26.529 [pool-1-thread-1] DEBUG org.flywaydb.core.internal.scanner.Scanner -- Filtering out resource: db/migration/V3__Jar_symbols.sql (filename: V3__Jar_symbols.sql)
23:20:26.529 [pool-1-thread-1] DEBUG org.flywaydb.core.internal.scanner.Scanner -- Filtering out resource: db/migration/V2__Server_discovery.sql (filename: V2__Server_discovery.sql)
23:20:26.530 [pool-1-thread-1] DEBUG org.flywaydb.core.internal.scanner.Scanner -- Filtering out resource: db/migration/V1__Create_tables.sql (filename: V1__Create_tables.sql)
23:20:26.530 [pool-1-thread-1] DEBUG org.flywaydb.core.internal.scanner.Scanner -- Filtering out resource: db/migration/V4__Fingerprints.sql (filename: V4__Fingerprints.sql)
23:20:26.530 [pool-1-thread-1] DEBUG org.flywaydb.core.internal.scanner.Scanner -- Filtering out resource: db/migration/ (filename: )
23:20:26.530 [pool-1-thread-1] DEBUG org.flywaydb.core.internal.scanner.Scanner -- Filtering out resource: db/migration/V3__Jar_symbols.sql (filename: V3__Jar_symbols.sql)
23:20:26.530 [pool-1-thread-1] DEBUG org.flywaydb.core.internal.scanner.Scanner -- Filtering out resource: db/migration/V2__Server_discovery.sql (filename: V2__Server_discovery.sql)
23:20:26.532 [pool-1-thread-1] INFO org.flywaydb.core.internal.schemahistory.JdbcTableSchemaHistory -- Schema history table "PUBLIC"."flyway_schema_history" does not exist yet
23:20:26.536 [pool-1-thread-1] INFO org.flywaydb.core.internal.command.DbValidate -- Successfully validated 4 migrations (execution time 00:00.025s)
23:20:26.540 [pool-1-thread-1] DEBUG org.flywaydb.core.internal.command.DbSchemas -- Skipping creation of existing schema: "PUBLIC"
23:20:26.546 [pool-1-thread-1] INFO org.flywaydb.core.internal.schemahistory.JdbcTableSchemaHistory -- Creating Schema History table "PUBLIC"."flyway_schema_history" ...
23:20:26.549 [pool-1-thread-1] DEBUG org.flywaydb.core.internal.parser.Parser -- Parsing  ...
23:20:26.561 [pool-1-thread-1] DEBUG org.flywaydb.core.internal.sqlscript.ParserSqlScript -- Found statement at line 1: CREATE TABLE IF NOT EXISTS "PUBLIC"."flyway_schema_history" (
    "installed_rank" INT NOT NULL,
    "version" VARCHAR(50),
    "description" VARCHAR(200) NOT NULL,
    "type" VARCHAR(20) NOT NULL,
    "script" VARCHAR(1000) NOT NULL,
    "checksum" INT,
    "installed_by" VARCHAR(100) NOT NULL,
    "installed_on" TIMESTAMP NOT NULL DEFAULT CURRENT_TIMESTAMP,
    "execution_time" INT NOT NULL,
    "success" BOOLEAN NOT NULL,
    CONSTRAINT "flyway_schema_history_pk" PRIMARY KEY ("installed_rank")
) AS SELECT -1, NULL, '<< Flyway Schema History table created >>', 'TABLE', '', NULL, 'SA', CURRENT_TIMESTAMP, 0, TRUE
23:20:26.562 [pool-1-thread-1] DEBUG org.flywaydb.core.internal.sqlscript.ParserSqlScript -- Found statement at line 14: CREATE INDEX "PUBLIC"."flyway_schema_history_s_idx" ON "PUBLIC"."flyway_schema_history" ("success")
23:20:26.563 [pool-1-thread-1] DEBUG org.flywaydb.core.internal.sqlscript.DefaultSqlScriptExecutor -- Executing SQL: CREATE TABLE IF NOT EXISTS "PUBLIC"."flyway_schema_history" (
    "installed_rank" INT NOT NULL,
    "version" VARCHAR(50),
    "description" VARCHAR(200) NOT NULL,
    "type" VARCHAR(20) NOT NULL,
    "script" VARCHAR(1000) NOT NULL,
    "checksum" INT,
    "installed_by" VARCHAR(100) NOT NULL,
    "installed_on" TIMESTAMP NOT NULL DEFAULT CURRENT_TIMESTAMP,
    "execution_time" INT NOT NULL,
    "success" BOOLEAN NOT NULL,
    CONSTRAINT "flyway_schema_history_pk" PRIMARY KEY ("installed_rank")
) AS SELECT -1, NULL, '<< Flyway Schema History table created >>', 'TABLE', '', NULL, 'SA', CURRENT_TIMESTAMP, 0, TRUE
23:20:26.568 [pool-1-thread-1] DEBUG org.flywaydb.core.internal.sqlscript.DefaultSqlScriptExecutor -- 0 rows affected
23:20:26.569 [pool-1-thread-1] DEBUG org.flywaydb.core.internal.sqlscript.DefaultSqlScriptExecutor -- Executing SQL: CREATE INDEX "PUBLIC"."flyway_schema_history_s_idx" ON "PUBLIC"."flyway_schema_history" ("success")
23:20:26.573 [pool-1-thread-1] DEBUG org.flywaydb.core.internal.sqlscript.DefaultSqlScriptExecutor -- 0 rows affected
23:20:26.573 [pool-1-thread-1] DEBUG org.flywaydb.core.internal.schemahistory.JdbcTableSchemaHistory -- Created Schema History table "PUBLIC"."flyway_schema_history"
23:20:26.582 [pool-1-thread-1] INFO org.flywaydb.core.internal.command.DbMigrate -- Current version of schema "PUBLIC": << Empty Schema >>
23:20:26.582 [pool-1-thread-1] DEBUG org.flywaydb.core.internal.parser.Parser -- Parsing V1__Create_tables.sql ...
23:20:26.584 [pool-1-thread-1] DEBUG org.flywaydb.core.internal.sqlscript.ParserSqlScript -- Found statement at line 4: -- The relationship between library dependency sources under .metals/readonly/**
-- and build targets they belong to. Required to know what classpath to use
-- for compiling dependency sources.
create table dependency_source(
  text_document_uri varchar primary key,
  build_target_uri varchar not null
)
23:20:26.586 [pool-1-thread-1] DEBUG org.flywaydb.core.internal.sqlscript.ParserSqlScript -- Found statement at line 12: -- The relationship between library dependency sources under .metals/readonly/**
-- and worksheets they belong to. Required to know what classpath to use
-- for compiling dependency sources.
create table worksheet_dependency_source(
  text_document_uri varchar primary key,
  worksheet_uri varchar not null
)
23:20:26.587 [pool-1-thread-1] DEBUG org.flywaydb.core.internal.sqlscript.ParserSqlScript -- Found statement at line 19: -- The relationship between what library dependency sources under .metals/readonly/**
-- map to which build targets.
create table sbt_digest(
  md5 varchar,
  status tinyint not null,
  when_recorded timestamp
)
23:20:26.589 [pool-1-thread-1] DEBUG org.flywaydb.core.internal.sqlscript.ParserSqlScript -- Found statement at line 27: -- Which window/showMessage and window/showMessageRequest dialogues have been dismissed
-- by the user via "Don't show again" or closed by clicking on "x".
create table dismissed_notification(
  id int,
  when_dismissed timestamp,
  when_expires timestamp
)
23:20:26.590 [pool-1-thread-1] DEBUG org.flywaydb.core.internal.sqlscript.ParserSqlScript -- Found statement at line 34: -- The choice of build tool when multiple build tool files are found in a workspace
create table chosen_build_tool(
  build_tool varchar primary key
)
23:20:26.592 [pool-1-thread-1] DEBUG org.flywaydb.core.internal.command.DbMigrate -- Starting migration of schema "PUBLIC" to version "1 - Create tables" ...
23:20:26.593 [pool-1-thread-1] INFO org.flywaydb.core.internal.command.DbMigrate -- Migrating schema "PUBLIC" to version "1 - Create tables"
23:20:26.594 [pool-1-thread-1] DEBUG org.flywaydb.core.internal.sqlscript.DefaultSqlScriptExecutor -- Executing SQL: -- The relationship between library dependency sources under .metals/readonly/**
-- and build targets they belong to. Required to know what classpath to use
-- for compiling dependency sources.
create table dependency_source(
  text_document_uri varchar primary key,
  build_target_uri varchar not null
)
23:20:26.597 [pool-1-thread-1] DEBUG org.flywaydb.core.internal.sqlscript.DefaultSqlScriptExecutor -- 0 rows affected
23:20:26.597 [pool-1-thread-1] DEBUG org.flywaydb.core.internal.sqlscript.DefaultSqlScriptExecutor -- Executing SQL: -- The relationship between library dependency sources under .metals/readonly/**
-- and worksheets they belong to. Required to know what classpath to use
-- for compiling dependency sources.
create table worksheet_dependency_source(
  text_document_uri varchar primary key,
  worksheet_uri varchar not null
)
23:20:26.599 [pool-1-thread-1] DEBUG org.flywaydb.core.internal.sqlscript.DefaultSqlScriptExecutor -- 0 rows affected
23:20:26.599 [pool-1-thread-1] DEBUG org.flywaydb.core.internal.sqlscript.DefaultSqlScriptExecutor -- Executing SQL: -- The relationship between what library dependency sources under .metals/readonly/**
-- map to which build targets.
create table sbt_digest(
  md5 varchar,
  status tinyint not null,
  when_recorded timestamp
)
23:20:26.600 [pool-1-thread-1] DEBUG org.flywaydb.core.internal.sqlscript.DefaultSqlScriptExecutor -- 0 rows affected
23:20:26.601 [pool-1-thread-1] DEBUG org.flywaydb.core.internal.sqlscript.DefaultSqlScriptExecutor -- Executing SQL: -- Which window/showMessage and window/showMessageRequest dialogues have been dismissed
-- by the user via "Don't show again" or closed by clicking on "x".
create table dismissed_notification(
  id int,
  when_dismissed timestamp,
  when_expires timestamp
)
23:20:26.601 [pool-1-thread-1] DEBUG org.flywaydb.core.internal.sqlscript.DefaultSqlScriptExecutor -- 0 rows affected
23:20:26.601 [pool-1-thread-1] DEBUG org.flywaydb.core.internal.sqlscript.DefaultSqlScriptExecutor -- Executing SQL: -- The choice of build tool when multiple build tool files are found in a workspace
create table chosen_build_tool(
  build_tool varchar primary key
)
23:20:26.603 [pool-1-thread-1] DEBUG org.flywaydb.core.internal.sqlscript.DefaultSqlScriptExecutor -- 0 rows affected
23:20:26.603 [pool-1-thread-1] DEBUG org.flywaydb.core.internal.command.DbMigrate -- Successfully completed migration of schema "PUBLIC" to version "1 - Create tables"
23:20:26.606 [pool-1-thread-1] DEBUG org.flywaydb.core.internal.schemahistory.JdbcTableSchemaHistory -- Schema History table "PUBLIC"."flyway_schema_history" successfully updated to reflect changes
23:20:26.633 [pool-1-thread-1] DEBUG org.flywaydb.core.internal.parser.Parser -- Parsing V2__Server_discovery.sql ...
23:20:26.635 [pool-1-thread-1] DEBUG org.flywaydb.core.internal.sqlscript.ParserSqlScript -- Found statement at line 4: -- For each unique combination of installed build servers we select one server.
-- The md5 checksum is computed from the names of the installed build servers, and
-- the selected server is the server which the user chose for this workspace.
create table chosen_build_server(
  md5 varchar primary key,
  selected_server varchar,
  when_recorded timestamp
)
23:20:26.635 [pool-1-thread-1] DEBUG org.flywaydb.core.internal.command.DbMigrate -- Starting migration of schema "PUBLIC" to version "2 - Server discovery" ...
23:20:26.636 [pool-1-thread-1] INFO org.flywaydb.core.internal.command.DbMigrate -- Migrating schema "PUBLIC" to version "2 - Server discovery"
23:20:26.636 [pool-1-thread-1] DEBUG org.flywaydb.core.internal.sqlscript.DefaultSqlScriptExecutor -- Executing SQL: -- For each unique combination of installed build servers we select one server.
-- The md5 checksum is computed from the names of the installed build servers, and
-- the selected server is the server which the user chose for this workspace.
create table chosen_build_server(
  md5 varchar primary key,
  selected_server varchar,
  when_recorded timestamp
)
23:20:26.637 [pool-1-thread-1] DEBUG org.flywaydb.core.internal.sqlscript.DefaultSqlScriptExecutor -- 0 rows affected
23:20:26.638 [pool-1-thread-1] DEBUG org.flywaydb.core.internal.command.DbMigrate -- Successfully completed migration of schema "PUBLIC" to version "2 - Server discovery"
23:20:26.640 [pool-1-thread-1] DEBUG org.flywaydb.core.internal.schemahistory.JdbcTableSchemaHistory -- Schema History table "PUBLIC"."flyway_schema_history" successfully updated to reflect changes
23:20:26.642 [pool-1-thread-1] DEBUG org.flywaydb.core.internal.parser.Parser -- Parsing V3__Jar_symbols.sql ...
23:20:26.643 [pool-1-thread-1] DEBUG org.flywaydb.core.internal.sqlscript.ParserSqlScript -- Found statement at line 2: -- Indexed jars, the MD5 digest of path, modified time and size as key
create table indexed_jar(
  id int auto_increment unique,
  md5 varchar primary key
)
23:20:26.645 [pool-1-thread-1] DEBUG org.flywaydb.core.internal.sqlscript.ParserSqlScript -- Found statement at line 7: -- Top Level Symbols per jar, allow for multiple jars with same symbols and paths
create table toplevel_symbol(
  symbol varchar not null,
  path varchar not null,
  jar int,
  foreign key (jar) references indexed_jar (id) on delete cascade,
  primary key (jar, path, symbol)
)
23:20:26.646 [pool-1-thread-1] DEBUG org.flywaydb.core.internal.sqlscript.ParserSqlScript -- Found statement at line 15: -- Create index to speedup lookup of jar symbols
create index toplevel_symbol_jar on toplevel_symbol(jar)
23:20:26.647 [pool-1-thread-1] DEBUG org.flywaydb.core.internal.command.DbMigrate -- Starting migration of schema "PUBLIC" to version "3 - Jar symbols" ...
23:20:26.648 [pool-1-thread-1] INFO org.flywaydb.core.internal.command.DbMigrate -- Migrating schema "PUBLIC" to version "3 - Jar symbols"
23:20:26.648 [pool-1-thread-1] DEBUG org.flywaydb.core.internal.sqlscript.DefaultSqlScriptExecutor -- Executing SQL: -- Indexed jars, the MD5 digest of path, modified time and size as key
create table indexed_jar(
  id int auto_increment unique,
  md5 varchar primary key
)
23:20:26.654 [pool-1-thread-1] DEBUG org.flywaydb.core.internal.sqlscript.DefaultSqlScriptExecutor -- 0 rows affected
23:20:26.654 [pool-1-thread-1] DEBUG org.flywaydb.core.internal.sqlscript.DefaultSqlScriptExecutor -- Executing SQL: -- Top Level Symbols per jar, allow for multiple jars with same symbols and paths
create table toplevel_symbol(
  symbol varchar not null,
  path varchar not null,
  jar int,
  foreign key (jar) references indexed_jar (id) on delete cascade,
  primary key (jar, path, symbol)
)
23:20:26.661 [pool-1-thread-1] DEBUG org.flywaydb.core.internal.sqlscript.DefaultSqlScriptExecutor -- 0 rows affected
23:20:26.661 [pool-1-thread-1] DEBUG org.flywaydb.core.internal.sqlscript.DefaultSqlScriptExecutor -- Executing SQL: -- Create index to speedup lookup of jar symbols
create index toplevel_symbol_jar on toplevel_symbol(jar)
23:20:26.662 [pool-1-thread-1] DEBUG org.flywaydb.core.internal.sqlscript.DefaultSqlScriptExecutor -- 0 rows affected
23:20:26.662 [pool-1-thread-1] DEBUG org.flywaydb.core.internal.command.DbMigrate -- Successfully completed migration of schema "PUBLIC" to version "3 - Jar symbols"
23:20:26.664 [pool-1-thread-1] DEBUG org.flywaydb.core.internal.schemahistory.JdbcTableSchemaHistory -- Schema History table "PUBLIC"."flyway_schema_history" successfully updated to reflect changes
23:20:26.666 [pool-1-thread-1] DEBUG org.flywaydb.core.internal.parser.Parser -- Parsing V4__Fingerprints.sql ...
23:20:26.668 [pool-1-thread-1] DEBUG org.flywaydb.core.internal.sqlscript.ParserSqlScript -- Found statement at line 2: -- Fingerprints saved between invocations
create table fingerprints(
  path varchar not null,
  text varchar not null,
  md5 varchar not null,
  id int auto_increment unique
)
23:20:26.668 [pool-1-thread-1] DEBUG org.flywaydb.core.internal.command.DbMigrate -- Starting migration of schema "PUBLIC" to version "4 - Fingerprints" ...
23:20:26.669 [pool-1-thread-1] INFO org.flywaydb.core.internal.command.DbMigrate -- Migrating schema "PUBLIC" to version "4 - Fingerprints"
23:20:26.669 [pool-1-thread-1] DEBUG org.flywaydb.core.internal.sqlscript.DefaultSqlScriptExecutor -- Executing SQL: -- Fingerprints saved between invocations
create table fingerprints(
  path varchar not null,
  text varchar not null,
  md5 varchar not null,
  id int auto_increment unique
)
23:20:26.671 [pool-1-thread-1] DEBUG org.flywaydb.core.internal.sqlscript.DefaultSqlScriptExecutor -- 0 rows affected
23:20:26.671 [pool-1-thread-1] DEBUG org.flywaydb.core.internal.command.DbMigrate -- Successfully completed migration of schema "PUBLIC" to version "4 - Fingerprints"
23:20:26.672 [pool-1-thread-1] DEBUG org.flywaydb.core.internal.schemahistory.JdbcTableSchemaHistory -- Schema History table "PUBLIC"."flyway_schema_history" successfully updated to reflect changes
23:20:26.680 [pool-1-thread-1] INFO org.flywaydb.core.internal.command.DbMigrate -- Successfully applied 4 migrations to schema "PUBLIC", now at version v4 (execution time 00:00.030s)
23:20:26.747 [pool-1-thread-1] DEBUG org.flywaydb.core.FlywayExecutor -- Memory usage: 46 of 102M
2024.03.26 23:20:27 WARN  Build server is not auto-connectable.
Mar 26, 2024 11:20:27 PM org.eclipse.lsp4j.jsonrpc.RemoteEndpoint handleCancellation
WARNING: Unmatched cancel notification for request id 1
Mar 26, 2024 11:20:27 PM org.eclipse.lsp4j.jsonrpc.RemoteEndpoint handleCancellation
WARNING: Unmatched cancel notification for request id 2
2024.03.26 23:20:35 INFO  no build target found for /home/noureddine/Desktop/VS code coding/scala/my_project/build.sbt. Using presentation compiler with project's scala-library version: 3.3.1
2024.03.26 23:20:41 WARN  Could not find semantic tokens for: file:///home/noureddine/Desktop/VS%20code%20coding/scala/my_project/build.sbt
2024.03.26 23:20:41 INFO  time: code lens generation in 14s
2024.03.26 23:20:41 INFO  time: code lens generation in 9.86s
2024.03.26 23:24:34 WARN  Could not find semantic tokens for: file:///home/noureddine/Desktop/VS%20code%20coding/scala/my_project/build.sbt
2024.03.26 23:25:26 WARN  Could not find semantic tokens for: file:///home/noureddine/Desktop/VS%20code%20coding/scala/my_project/build.sbt
2024.03.26 23:27:49 WARN  Could not find semantic tokens for: file:///home/noureddine/Desktop/VS%20code%20coding/scala/my_project/src/main/scala/streaming.scala
2024.03.26 23:27:53 INFO  time: code lens generation in 1.12s
2024.03.26 23:27:53 WARN  no build target for: /home/noureddine/Desktop/VS code coding/scala/my_project/src/main/scala/streaming.scala
2024.03.27 00:26:09 WARN  no build target for: /home/noureddine/Desktop/VS code coding/scala/my_project/src/main/scala/streaming.scala
2024.03.27 00:26:22 WARN  no build target for: /home/noureddine/Desktop/VS code coding/scala/my_project/src/main/scala/streaming.scala
2024.03.27 00:26:34 WARN  no build target for: /home/noureddine/Desktop/VS code coding/scala/my_project/src/main/scala/streaming.scala
2024.03.27 00:30:46 WARN  no build target for: /home/noureddine/Desktop/VS code coding/scala/my_project/src/main/scala/streaming.scala
2024.03.27 00:32:03 WARN  Could not find semantic tokens for: file:///home/noureddine/Desktop/VS%20code%20coding/scala/my_project/build.sbt
2024.03.27 00:32:03 WARN  no build target for: /home/noureddine/Desktop/VS code coding/scala/my_project/build.sbt
2024.03.27 00:32:03 WARN  Could not find semantic tokens for: file:///home/noureddine/Desktop/VS%20code%20coding/scala/my_project/build.sbt
2024.03.27 00:32:03 WARN  Could not find semantic tokens for: file:///home/noureddine/Desktop/VS%20code%20coding/scala/my_project/build.sbt
2024.03.27 00:32:08 INFO  running '/usr/bin/sbt -Dbloop.export-jar-classifiers=sources bloopInstall'
2024.03.27 00:32:09 WARN  no build target for: /home/noureddine/Desktop/VS code coding/scala/my_project/project/metals.sbt
2024.03.27 00:32:09 WARN  no build target for: /home/noureddine/Desktop/VS code coding/scala/my_project/project/project/metals.sbt
2024.03.27 00:32:10 ERROR downloading sbt launcher 1.9.8
2024.03.27 00:32:13 INFO  copying runtime jar...
2024.03.27 00:32:22 ERROR [info] [launcher] getting org.scala-sbt sbt 1.9.8  (this may take some time)...
2024.03.27 00:32:33 INFO  [info] Updated file /home/noureddine/Desktop/VS code coding/scala/my_project/project/build.properties: set sbt.version to 1.9.8
2024.03.27 00:32:33 INFO  [info] welcome to sbt 1.9.8 (Ubuntu Java 11.0.22)
2024.03.27 00:32:40 INFO  [info] loading settings for project my_project-build-build from metals.sbt ...
2024.03.27 00:32:42 INFO  [info] loading project definition from /home/noureddine/Desktop/VS code coding/scala/my_project/project/project
2024.03.27 00:32:45 INFO  [info] loading settings for project my_project-build from metals.sbt ...
2024.03.27 00:32:45 INFO  [info] loading project definition from /home/noureddine/Desktop/VS code coding/scala/my_project/project
2024.03.27 00:32:49 INFO  [success] Generated .bloop/my_project-build.json
2024.03.27 00:32:49 INFO  [success] Total time: 4 s, completed Mar 27, 2024, 12:32:49 AM
2024.03.27 00:32:52 INFO  [info] loading settings for project my_project from build.sbt ...
2024.03.27 00:32:52 INFO  [info] set current project to my_project (in build file:/home/noureddine/Desktop/VS%20code%20coding/scala/my_project/)
2024.03.27 00:32:52 INFO  [warn] 
2024.03.27 00:32:52 INFO  [warn] 	Note: Unresolved dependencies path:
2024.03.27 00:32:52 INFO  [error] Couldn't run bloopGenerate. The issue could be caused by failing to compile the project.
2024.03.27 00:32:52 INFO  [error] sbt.librarymanagement.ResolveException: Error downloading org.apache.spark:spark-streaming-kafka-0-10_2.12 :3.5.1
2024.03.27 00:32:52 INFO  [error]   Not found
2024.03.27 00:32:52 INFO  [error]   Not found
2024.03.27 00:32:52 INFO  [error]   not found: /home/noureddine/.ivy2/localorg.apache.spark/spark-streaming-kafka-0-10_2.12 /3.5.1/ivys/ivy.xml
2024.03.27 00:32:52 INFO  [error]   download error: Caught java.io.IOException (Server returned HTTP response code: 400 for URL: https://repo1.maven.org/maven2/org/apache/spark/spark-streaming-kafka-0-10_2.12 /3.5.1/spark-streaming-kafka-0-10_2.12 -3.5.1.pom) while downloading https://repo1.maven.org/maven2/org/apache/spark/spark-streaming-kafka-0-10_2.12 /3.5.1/spark-streaming-kafka-0-10_2.12 -3.5.1.pom
2024.03.27 00:32:52 INFO  [error] 	at lmcoursier.CoursierDependencyResolution.unresolvedWarningOrThrow(CoursierDependencyResolution.scala:344)
2024.03.27 00:32:52 INFO  [error] 	at lmcoursier.CoursierDependencyResolution.$anonfun$update$38(CoursierDependencyResolution.scala:313)
2024.03.27 00:32:52 INFO  [error] 	at scala.util.Either$LeftProjection.map(Either.scala:573)
2024.03.27 00:32:52 INFO  [error] 	at lmcoursier.CoursierDependencyResolution.update(CoursierDependencyResolution.scala:313)
2024.03.27 00:32:52 INFO  [error] 	at sbt.librarymanagement.DependencyResolution.update(DependencyResolution.scala:60)
2024.03.27 00:32:52 INFO  [error] 	at sbt.internal.LibraryManagement$.resolve$1(LibraryManagement.scala:60)
2024.03.27 00:32:52 INFO  [error] 	at sbt.internal.LibraryManagement$.$anonfun$cachedUpdate$12(LibraryManagement.scala:134)
2024.03.27 00:32:52 INFO  [error] 	at sbt.util.Tracked$.$anonfun$lastOutput$1(Tracked.scala:74)
2024.03.27 00:32:52 INFO  [error] 	at sbt.internal.LibraryManagement$.$anonfun$cachedUpdate$20(LibraryManagement.scala:147)
2024.03.27 00:32:52 INFO  [error] 	at scala.util.control.Exception$Catch.apply(Exception.scala:228)
2024.03.27 00:32:52 INFO  [error] 	at sbt.internal.LibraryManagement$.$anonfun$cachedUpdate$11(LibraryManagement.scala:147)
2024.03.27 00:32:52 INFO  [error] 	at sbt.internal.LibraryManagement$.$anonfun$cachedUpdate$11$adapted(LibraryManagement.scala:128)
2024.03.27 00:32:52 INFO  [error] 	at sbt.util.Tracked$.$anonfun$inputChangedW$1(Tracked.scala:220)
2024.03.27 00:32:52 INFO  [error] 	at sbt.internal.LibraryManagement$.cachedUpdate(LibraryManagement.scala:161)
2024.03.27 00:32:52 INFO  [error] 	at sbt.Classpaths$.$anonfun$updateTask0$1(Defaults.scala:3801)
2024.03.27 00:32:52 INFO  [error] 	at scala.Function1.$anonfun$compose$1(Function1.scala:49)
2024.03.27 00:32:52 INFO  [error] 	at sbt.internal.util.$tilde$greater.$anonfun$$u2219$1(TypeFunctions.scala:63)
2024.03.27 00:32:52 INFO  [error] 	at sbt.std.Transform$$anon$4.work(Transform.scala:69)
2024.03.27 00:32:52 INFO  [error] 	at sbt.Execute.$anonfun$submit$2(Execute.scala:283)
2024.03.27 00:32:52 INFO  [error] 	at sbt.internal.util.ErrorHandling$.wideConvert(ErrorHandling.scala:24)
2024.03.27 00:32:52 INFO  [error] 	at sbt.Execute.work(Execute.scala:292)
2024.03.27 00:32:52 INFO  [error] 	at sbt.Execute.$anonfun$submit$1(Execute.scala:283)
2024.03.27 00:32:52 INFO  [error] 	at sbt.ConcurrentRestrictions$$anon$4.$anonfun$submitValid$1(ConcurrentRestrictions.scala:265)
2024.03.27 00:32:52 INFO  [error] 	at sbt.CompletionService$$anon$2.call(CompletionService.scala:65)
2024.03.27 00:32:52 INFO  [error] 	at java.base/java.util.concurrent.FutureTask.run(FutureTask.java:264)
2024.03.27 00:32:52 INFO  [error] 	at java.base/java.util.concurrent.Executors$RunnableAdapter.call(Executors.java:515)
2024.03.27 00:32:52 INFO  [error] 	at java.base/java.util.concurrent.FutureTask.run(FutureTask.java:264)
2024.03.27 00:32:52 INFO  [error] 	at java.base/java.util.concurrent.ThreadPoolExecutor.runWorker(ThreadPoolExecutor.java:1128)
2024.03.27 00:32:52 INFO  [error] 	at java.base/java.util.concurrent.ThreadPoolExecutor$Worker.run(ThreadPoolExecutor.java:628)
2024.03.27 00:32:52 INFO  [error] 	at java.base/java.lang.Thread.run(Thread.java:829)
2024.03.27 00:32:52 INFO  [error] (update) sbt.librarymanagement.ResolveException: Error downloading org.apache.spark:spark-streaming-kafka-0-10_2.12 :3.5.1
2024.03.27 00:32:52 INFO  [error]   Not found
2024.03.27 00:32:52 INFO  [error]   Not found
2024.03.27 00:32:52 INFO  [error]   not found: /home/noureddine/.ivy2/localorg.apache.spark/spark-streaming-kafka-0-10_2.12 /3.5.1/ivys/ivy.xml
2024.03.27 00:32:52 INFO  [error]   download error: Caught java.io.IOException (Server returned HTTP response code: 400 for URL: https://repo1.maven.org/maven2/org/apache/spark/spark-streaming-kafka-0-10_2.12 /3.5.1/spark-streaming-kafka-0-10_2.12 -3.5.1.pom) while downloading https://repo1.maven.org/maven2/org/apache/spark/spark-streaming-kafka-0-10_2.12 /3.5.1/spark-streaming-kafka-0-10_2.12 -3.5.1.pom
2024.03.27 00:32:52 INFO  [error] Total time: 0 s, completed Mar 27, 2024, 12:32:53 AM
2024.03.27 00:32:53 INFO  time: ran 'sbt bloopInstall' in 44s
2024.03.27 00:32:53 ERROR sbt command failed: /usr/bin/sbt -Dbloop.export-jar-classifiers=sources bloopInstall
2024.03.27 00:32:54 INFO  skipping build import with status 'Failed'
2024.03.27 00:33:44 WARN  Could not find semantic tokens for: file:///home/noureddine/Desktop/VS%20code%20coding/scala/my_project/build.sbt
2024.03.27 00:37:11 WARN  Could not find semantic tokens for: file:///home/noureddine/Desktop/VS%20code%20coding/scala/my_project/build.sbt
2024.03.27 00:37:12 WARN  Could not find semantic tokens for: file:///home/noureddine/Desktop/VS%20code%20coding/scala/my_project/build.sbt
2024.03.27 00:37:15 WARN  no build target for: /home/noureddine/Desktop/VS code coding/scala/my_project/build.sbt
2024.03.27 00:37:15 WARN  Could not find semantic tokens for: file:///home/noureddine/Desktop/VS%20code%20coding/scala/my_project/build.sbt
2024.03.27 00:37:15 WARN  Could not find semantic tokens for: file:///home/noureddine/Desktop/VS%20code%20coding/scala/my_project/build.sbt
2024.03.27 00:38:39 WARN  Could not find semantic tokens for: file:///home/noureddine/Desktop/VS%20code%20coding/scala/my_project/build.sbt
2024.03.27 00:38:42 WARN  Could not find semantic tokens for: file:///home/noureddine/Desktop/VS%20code%20coding/scala/my_project/build.sbt
2024.03.27 00:39:10 WARN  Could not find semantic tokens for: file:///home/noureddine/Desktop/VS%20code%20coding/scala/my_project/build.sbt
2024.03.27 00:39:11 WARN  Could not find semantic tokens for: file:///home/noureddine/Desktop/VS%20code%20coding/scala/my_project/build.sbt
2024.03.27 00:39:12 WARN  Could not find semantic tokens for: file:///home/noureddine/Desktop/VS%20code%20coding/scala/my_project/build.sbt
2024.03.27 00:39:13 WARN  Could not find semantic tokens for: file:///home/noureddine/Desktop/VS%20code%20coding/scala/my_project/build.sbt
2024.03.27 00:40:42 WARN  no build target for: /home/noureddine/Desktop/VS code coding/scala/my_project/build.sbt
2024.03.27 00:40:42 WARN  Could not find semantic tokens for: file:///home/noureddine/Desktop/VS%20code%20coding/scala/my_project/build.sbt
2024.03.27 00:40:42 WARN  Could not find semantic tokens for: file:///home/noureddine/Desktop/VS%20code%20coding/scala/my_project/build.sbt
2024.03.27 13:46:04 WARN  Could not find semantic tokens for: file:///home/noureddine/Desktop/VS%20code%20coding/scala/my_project/build.sbt
Mar 27, 2024 4:25:16 PM org.eclipse.lsp4j.jsonrpc.RemoteEndpoint handleCancellation
WARNING: Unmatched cancel notification for request id 498
Mar 27, 2024 4:25:18 PM org.eclipse.lsp4j.jsonrpc.RemoteEndpoint handleCancellation
WARNING: Unmatched cancel notification for request id 499
Mar 27, 2024 4:25:21 PM org.eclipse.lsp4j.jsonrpc.RemoteEndpoint handleCancellation
WARNING: Unmatched cancel notification for request id 503
2024.03.27 16:52:36 INFO  time: code lens generation in 15s
2024.03.27 16:52:36 INFO  time: code lens generation in 6.78s
2024.03.27 16:52:36 INFO  time: code lens generation in 7.07s
2024.03.27 16:52:36 INFO  time: code lens generation in 4.64s
Mar 27, 2024 4:52:56 PM org.eclipse.lsp4j.jsonrpc.RemoteEndpoint handleCancellation
WARNING: Unmatched cancel notification for request id 541
Mar 27, 2024 4:52:56 PM org.eclipse.lsp4j.jsonrpc.RemoteEndpoint handleCancellation
WARNING: Unmatched cancel notification for request id 546
Mar 27, 2024 4:52:56 PM org.eclipse.lsp4j.jsonrpc.RemoteEndpoint handleCancellation
WARNING: Unmatched cancel notification for request id 549
Mar 27, 2024 4:52:56 PM org.eclipse.lsp4j.jsonrpc.RemoteEndpoint handleCancellation
WARNING: Unmatched cancel notification for request id 548
Mar 27, 2024 4:52:56 PM org.eclipse.lsp4j.jsonrpc.RemoteEndpoint handleCancellation
WARNING: Unmatched cancel notification for request id 551
Mar 27, 2024 4:52:56 PM org.eclipse.lsp4j.jsonrpc.RemoteEndpoint handleCancellation
WARNING: Unmatched cancel notification for request id 553
Mar 27, 2024 4:52:56 PM org.eclipse.lsp4j.jsonrpc.RemoteEndpoint handleCancellation
WARNING: Unmatched cancel notification for request id 554
Mar 27, 2024 4:52:57 PM org.eclipse.lsp4j.jsonrpc.RemoteEndpoint handleCancellation
WARNING: Unmatched cancel notification for request id 557
Mar 27, 2024 4:52:58 PM org.eclipse.lsp4j.jsonrpc.RemoteEndpoint handleCancellation
WARNING: Unmatched cancel notification for request id 558
Mar 27, 2024 4:52:58 PM org.eclipse.lsp4j.jsonrpc.RemoteEndpoint handleCancellation
WARNING: Unmatched cancel notification for request id 563
Mar 27, 2024 4:53:01 PM org.eclipse.lsp4j.jsonrpc.RemoteEndpoint handleCancellation
WARNING: Unmatched cancel notification for request id 585
Mar 27, 2024 4:53:03 PM org.eclipse.lsp4j.jsonrpc.RemoteEndpoint handleCancellation
WARNING: Unmatched cancel notification for request id 591
2024.03.27 16:53:04 INFO  time: code lens generation in 16s
2024.03.27 16:53:04 INFO  time: code lens generation in 1.32s
2024.03.27 16:53:05 INFO  time: code lens generation in 2.7s
2024.03.27 16:53:05 INFO  time: code lens generation in 6.71s
2024.03.27 16:53:05 INFO  time: code lens generation in 7.59s
2024.03.27 16:53:05 INFO  time: code lens generation in 7.58s
2024.03.27 16:53:05 INFO  time: code lens generation in 2.25s
2024.03.27 16:53:05 INFO  time: code lens generation in 4.5s
2024.03.27 16:53:05 INFO  time: code lens generation in 7.62s
2024.03.27 16:53:05 INFO  time: code lens generation in 8.77s
2024.03.27 16:53:05 INFO  time: code lens generation in 9.04s
2024.03.27 16:53:05 INFO  time: code lens generation in 1.29s
2024.03.27 16:53:05 INFO  time: code lens generation in 9.07s
2024.03.27 16:53:07 INFO  time: code lens generation in 1.12s
2024.03.27 16:53:13 INFO  time: code lens generation in 2.11s
Mar 27, 2024 4:53:17 PM org.eclipse.lsp4j.jsonrpc.RemoteEndpoint handleCancellation
WARNING: Unmatched cancel notification for request id 645
Mar 27, 2024 4:55:43 PM org.eclipse.lsp4j.jsonrpc.RemoteEndpoint handleCancellation
WARNING: Unmatched cancel notification for request id 824
Mar 27, 2024 4:55:46 PM org.eclipse.lsp4j.jsonrpc.RemoteEndpoint handleCancellation
WARNING: Unmatched cancel notification for request id 841
2024.03.27 16:56:29 INFO  time: code lens generation in 4.72s
2024.03.27 16:56:30 INFO  time: code lens generation in 3.3s
2024.03.27 16:56:50 WARN  no build target for: /home/noureddine/Desktop/VS code coding/scala/my_project/src/main/scala/KafkaSparkStreaming.scala
2024.03.27 17:19:24 WARN  no build target for: /home/noureddine/Desktop/VS code coding/scala/my_project/src/main/scala/KafkaSparkStreaming.scala
2024.03.27 17:20:31 WARN  Could not find semantic tokens for: file:///home/noureddine/Desktop/VS%20code%20coding/scala/my_project/build.sbt
2024.03.27 17:20:35 WARN  no build target for: /home/noureddine/Desktop/VS code coding/scala/my_project/build.sbt
2024.03.27 17:22:16 WARN  no build target for: /home/noureddine/Desktop/VS code coding/scala/my_project/build.sbt
Mar 27, 2024 5:22:50 PM org.eclipse.lsp4j.jsonrpc.RemoteEndpoint handleCancellation
WARNING: Unmatched cancel notification for request id 1484
Mar 27, 2024 5:23:28 PM org.eclipse.lsp4j.jsonrpc.RemoteEndpoint handleCancellation
WARNING: Unmatched cancel notification for request id 1497
2024.03.27 17:24:45 WARN  no build target for: /home/noureddine/Desktop/VS code coding/scala/my_project/build.sbt
2024.03.27 17:26:15 INFO  time: code lens generation in 2.36s
2024.03.27 17:31:01 WARN  no build target for: /home/noureddine/Desktop/VS code coding/scala/my_project/src/main/scala/KafkaSparkStreaming.scala
2024.03.28 00:08:08 INFO  Started: Metals version 1.2.2 in folders '/home/noureddine/Desktop/VS code coding/scala/my_project' for client Visual Studio Code 1.87.2.
00:08:12.033 [pool-1-thread-1] INFO org.flywaydb.core.internal.license.VersionPrinter -- Flyway Community Edition 9.22.3 by Redgate
00:08:12.036 [pool-1-thread-1] INFO org.flywaydb.core.internal.license.VersionPrinter -- See release notes here: https://rd.gt/416ObMi
00:08:12.036 [pool-1-thread-1] INFO org.flywaydb.core.internal.license.VersionPrinter -- 
00:08:12.039 [pool-1-thread-1] DEBUG org.flywaydb.core.internal.scanner.classpath.ClassPathScanner -- Scanning for classpath resources at 'classpath:db/callback' ...
00:08:12.040 [pool-1-thread-1] DEBUG org.flywaydb.core.internal.scanner.classpath.ClassPathScanner -- Determining location urls for classpath:db/callback using ClassLoader jdk.internal.loader.ClassLoaders$AppClassLoader@55054057 ...
00:08:12.040 [pool-1-thread-1] DEBUG org.flywaydb.core.internal.scanner.classpath.ClassPathScanner -- Unable to resolve location classpath:db/callback.
00:08:12.040 [pool-1-thread-1] DEBUG org.flywaydb.core.internal.scanner.classpath.ClassPathScanner -- Scanning for classpath resources at 'classpath:db/migration' ...
00:08:12.040 [pool-1-thread-1] DEBUG org.flywaydb.core.internal.scanner.classpath.ClassPathScanner -- Determining location urls for classpath:db/migration using ClassLoader jdk.internal.loader.ClassLoaders$AppClassLoader@55054057 ...
00:08:12.041 [pool-1-thread-1] DEBUG org.flywaydb.core.internal.scanner.classpath.ClassPathScanner -- Scanning URL: jar:file:/home/noureddine/.cache/coursier/v1/https/repo1.maven.org/maven2/org/scalameta/metals_2.13/1.2.2/metals_2.13-1.2.2.jar!/db/migration
00:08:12.061 [pool-1-thread-1] DEBUG org.flywaydb.core.internal.scanner.classpath.ClassPathScanner -- Found resource: db/migration/
00:08:12.061 [pool-1-thread-1] DEBUG org.flywaydb.core.internal.scanner.classpath.ClassPathScanner -- Found resource: db/migration/V1__Create_tables.sql
00:08:12.061 [pool-1-thread-1] DEBUG org.flywaydb.core.internal.scanner.classpath.ClassPathScanner -- Found resource: db/migration/V2__Server_discovery.sql
00:08:12.061 [pool-1-thread-1] DEBUG org.flywaydb.core.internal.scanner.classpath.ClassPathScanner -- Found resource: db/migration/V3__Jar_symbols.sql
00:08:12.061 [pool-1-thread-1] DEBUG org.flywaydb.core.internal.scanner.classpath.ClassPathScanner -- Found resource: db/migration/V4__Fingerprints.sql
00:08:12.061 [pool-1-thread-1] DEBUG org.flywaydb.core.internal.scanner.classpath.ClassPathScanner -- Scanning for classes at classpath:db/migration
00:08:12.065 [pool-1-thread-1] DEBUG org.flywaydb.core.internal.scanner.Scanner -- Filtering out resource: db/migration/ (filename: )
00:08:12.065 [pool-1-thread-1] DEBUG org.flywaydb.core.internal.resource.ResourceNameValidator -- Validating V1__Create_tables.sql
00:08:12.066 [pool-1-thread-1] DEBUG org.flywaydb.core.internal.resource.ResourceNameValidator -- Validating V4__Fingerprints.sql
00:08:12.067 [pool-1-thread-1] DEBUG org.flywaydb.core.internal.resource.ResourceNameValidator -- Validating V3__Jar_symbols.sql
00:08:12.067 [pool-1-thread-1] DEBUG org.flywaydb.core.internal.resource.ResourceNameValidator -- Validating V2__Server_discovery.sql
00:08:12.202 [pool-1-thread-1] INFO org.flywaydb.core.FlywayExecutor -- Database: jdbc:h2:file:/home/noureddine/Desktop/VS code coding/scala/my_project/.metals/metals (H2 2.2)
00:08:12.203 [pool-1-thread-1] DEBUG org.flywaydb.core.FlywayExecutor -- Driver: H2 JDBC Driver 2.2.224 (2023-09-17)
00:08:12.203 [pool-1-thread-1] DEBUG org.flywaydb.core.FlywayExecutor -- DDL Transactions Supported: false
00:08:12.204 [pool-1-thread-1] DEBUG org.flywaydb.core.internal.schemahistory.SchemaHistoryFactory -- Schemas: 
00:08:12.205 [pool-1-thread-1] DEBUG org.flywaydb.core.internal.schemahistory.SchemaHistoryFactory -- Default schema: null
00:08:12.213 [pool-1-thread-1] WARN org.flywaydb.core.internal.database.base.Database -- Flyway upgrade recommended: H2 2.2.224 is newer than this version of Flyway and support has not been tested. The latest supported version of H2 is 2.2.220.
00:08:12.215 [pool-1-thread-1] DEBUG org.flywaydb.core.internal.callback.SqlScriptCallbackFactory -- Scanning for SQL callbacks ...
00:08:12.216 [pool-1-thread-1] DEBUG org.flywaydb.core.internal.scanner.Scanner -- Filtering out resource: db/migration/ (filename: )
00:08:12.241 [pool-1-thread-1] DEBUG org.flywaydb.core.internal.command.DbValidate -- Validating migrations ...
00:08:12.249 [pool-1-thread-1] DEBUG org.flywaydb.core.internal.scanner.Scanner -- Filtering out resource: db/migration/ (filename: )
00:08:12.277 [pool-1-thread-1] DEBUG org.flywaydb.core.internal.scanner.Scanner -- Filtering out resource: db/migration/V1__Create_tables.sql (filename: V1__Create_tables.sql)
00:08:12.277 [pool-1-thread-1] DEBUG org.flywaydb.core.internal.scanner.Scanner -- Filtering out resource: db/migration/V4__Fingerprints.sql (filename: V4__Fingerprints.sql)
00:08:12.278 [pool-1-thread-1] DEBUG org.flywaydb.core.internal.scanner.Scanner -- Filtering out resource: db/migration/ (filename: )
00:08:12.278 [pool-1-thread-1] DEBUG org.flywaydb.core.internal.scanner.Scanner -- Filtering out resource: db/migration/V3__Jar_symbols.sql (filename: V3__Jar_symbols.sql)
00:08:12.278 [pool-1-thread-1] DEBUG org.flywaydb.core.internal.scanner.Scanner -- Filtering out resource: db/migration/V2__Server_discovery.sql (filename: V2__Server_discovery.sql)
00:08:12.279 [pool-1-thread-1] DEBUG org.flywaydb.core.internal.scanner.Scanner -- Filtering out resource: db/migration/V1__Create_tables.sql (filename: V1__Create_tables.sql)
00:08:12.279 [pool-1-thread-1] DEBUG org.flywaydb.core.internal.scanner.Scanner -- Filtering out resource: db/migration/V4__Fingerprints.sql (filename: V4__Fingerprints.sql)
00:08:12.279 [pool-1-thread-1] DEBUG org.flywaydb.core.internal.scanner.Scanner -- Filtering out resource: db/migration/ (filename: )
00:08:12.279 [pool-1-thread-1] DEBUG org.flywaydb.core.internal.scanner.Scanner -- Filtering out resource: db/migration/V3__Jar_symbols.sql (filename: V3__Jar_symbols.sql)
00:08:12.279 [pool-1-thread-1] DEBUG org.flywaydb.core.internal.scanner.Scanner -- Filtering out resource: db/migration/V2__Server_discovery.sql (filename: V2__Server_discovery.sql)
00:08:12.313 [pool-1-thread-1] INFO org.flywaydb.core.internal.command.DbValidate -- Successfully validated 4 migrations (execution time 00:00.070s)
00:08:12.316 [pool-1-thread-1] DEBUG org.flywaydb.core.internal.command.DbSchemas -- Skipping creation of existing schema: "PUBLIC"
00:08:12.324 [pool-1-thread-1] INFO org.flywaydb.core.internal.command.DbMigrate -- Current version of schema "PUBLIC": 4
00:08:12.350 [pool-1-thread-1] INFO org.flywaydb.core.internal.command.DbMigrate -- Schema "PUBLIC" is up to date. No migration necessary.
00:08:12.513 [pool-1-thread-1] DEBUG org.flywaydb.core.FlywayExecutor -- Memory usage: 46 of 102M
2024.03.28 00:08:14 WARN  Build server is not auto-connectable.
2024.03.28 00:08:26 INFO  no build target found for /home/noureddine/Desktop/VS code coding/scala/my_project/build.sbt. Using presentation compiler with project's scala-library version: 3.3.1
2024.03.28 00:08:33 INFO  time: code lens generation in 17s
Mar 28, 2024 12:31:10 AM org.eclipse.lsp4j.jsonrpc.services.GenericEndpoint notify
INFO: Unsupported notification method: $/setTrace
2024.03.28 01:21:40 WARN  no build target for: /home/noureddine/Desktop/VS code coding/scala/my_project/build.sbt
2024.03.28 02:53:43 INFO  time: code lens generation in 1.41s
2024.03.28 02:53:43 INFO  time: code lens generation in 1.29s
2024.03.28 02:53:46 WARN  no build target for: /home/noureddine/Desktop/VS code coding/scala/my_project/build.sbt
2024.03.28 22:00:41 INFO  Shutting down server
2024.03.28 22:00:43 INFO  shutting down Metals
2024.04.25 09:24:52 INFO  Started: Metals version 1.3.0 in folders '/home/noureddine/Desktop/VS code coding/scala/my_project' for client Visual Studio Code 1.88.1.
SLF4J: Class path contains multiple SLF4J providers.
SLF4J: Found provider [scribe.slf4j.ScribeServiceProvider@72cd181c]
SLF4J: Found provider [ch.qos.logback.classic.spi.LogbackServiceProvider@6e2071a1]
SLF4J: See https://www.slf4j.org/codes.html#multiple_bindings for an explanation.
SLF4J: Actual provider is of type [scribe.slf4j.ScribeServiceProvider@72cd181c]
2024.04.25 09:24:54 WARN  Flyway upgrade recommended: H2 2.2.224 is newer than this version of Flyway and support has not been tested. The latest supported version of H2 is 2.2.220.
Apr 25, 2024 9:24:56 AM org.eclipse.lsp4j.jsonrpc.RemoteEndpoint handleCancellation
WARNING: Unmatched cancel notification for request id 3
Apr 25, 2024 9:24:56 AM org.eclipse.lsp4j.jsonrpc.RemoteEndpoint handleCancellation
WARNING: Unmatched cancel notification for request id 4
Apr 25, 2024 9:24:56 AM org.eclipse.lsp4j.jsonrpc.RemoteEndpoint handleCancellation
WARNING: Unmatched cancel notification for request id 2
Apr 25, 2024 9:24:56 AM org.eclipse.lsp4j.jsonrpc.RemoteEndpoint handleCancellation
WARNING: Unmatched cancel notification for request id 1
2024.04.25 09:25:25 INFO  no build target found for /home/noureddine/Desktop/VS code coding/scala/my_project/src/main/scala/KafkaSparkStreaming.scala. Using presentation compiler with project's scala-library version: 3.3.3
Apr 25, 2024 9:25:25 AM org.eclipse.lsp4j.jsonrpc.RemoteEndpoint handleCancellation
WARNING: Unmatched cancel notification for request id 30
Apr 25, 2024 9:25:25 AM org.eclipse.lsp4j.jsonrpc.RemoteEndpoint handleCancellation
WARNING: Unmatched cancel notification for request id 34
Apr 25, 2024 9:25:25 AM org.eclipse.lsp4j.jsonrpc.RemoteEndpoint handleCancellation
WARNING: Unmatched cancel notification for request id 32
Apr 25, 2024 9:25:25 AM org.eclipse.lsp4j.jsonrpc.RemoteEndpoint handleCancellation
WARNING: Unmatched cancel notification for request id 35
Apr 25, 2024 9:25:25 AM org.eclipse.lsp4j.jsonrpc.RemoteEndpoint handleCancellation
WARNING: Unmatched cancel notification for request id 31
Apr 25, 2024 9:25:25 AM org.eclipse.lsp4j.jsonrpc.RemoteEndpoint handleCancellation
WARNING: Unmatched cancel notification for request id 38
2024.04.25 09:25:28 INFO  time: code lens generation in 27s
2024.04.25 09:25:28 INFO  time: code lens generation in 2.62s
2024.04.25 09:25:28 INFO  time: code lens generation in 2.63s
2024.04.25 09:25:28 INFO  time: code lens generation in 3.14s
2024.04.25 09:25:28 INFO  time: code lens generation in 27s
2024.04.25 09:25:28 INFO  time: code lens generation in 27s
2024.04.25 09:25:28 INFO  time: code lens generation in 27s
