[0m[[0m[0mdebug[0m] [0m[0m> Exec(compile, Some(116ba2e3-bfac-4e1f-9c6c-65f4c9335387), Some(CommandSource(console0)))[0m
[0m[[0m[0mdebug[0m] [0m[0mEvaluating tasks: Compile / compile[0m
[0m[[0m[0mdebug[0m] [0m[0mRunning task... Cancel: Signal, check cycles: false, forcegc: true[0m
[0m[[0m[0minfo[0m] [0m[0mcompiling 1 Scala source to /home/noureddine/Desktop/VS code coding/SPARK-STREAMING-PFA/my_project/target/scala-2.12/classes ...[0m
[0m[[0m[31merror[0m] [0m[0m/home/noureddine/Desktop/VS code coding/SPARK-STREAMING-PFA/my_project/src/main/scala/KafkaSparkStreaming.scala:7:25: object streaming is not a member of package org.apache.spark[0m
[0m[[0m[31merror[0m] [0m[0mimport org.apache.spark.streaming._[0m
[0m[[0m[31merror[0m] [0m[0m                        ^[0m
[0m[[0m[31merror[0m] [0m[0m/home/noureddine/Desktop/VS code coding/SPARK-STREAMING-PFA/my_project/src/main/scala/KafkaSparkStreaming.scala:8:25: object streaming is not a member of package org.apache.spark[0m
[0m[[0m[31merror[0m] [0m[0mimport org.apache.spark.streaming.kafka010._[0m
[0m[[0m[31merror[0m] [0m[0m                        ^[0m
[0m[[0m[31merror[0m] [0m[0m/home/noureddine/Desktop/VS code coding/SPARK-STREAMING-PFA/my_project/src/main/scala/KafkaSparkStreaming.scala:12:8: not found: object play[0m
[0m[[0m[31merror[0m] [0m[0mimport play.api.libs.json._[0m
[0m[[0m[31merror[0m] [0m[0m       ^[0m
[0m[[0m[31merror[0m] [0m[0m/home/noureddine/Desktop/VS code coding/SPARK-STREAMING-PFA/my_project/src/main/scala/KafkaSparkStreaming.scala:59:19: not found: type StreamingContext[0m
[0m[[0m[31merror[0m] [0m[0m    val ssc = new StreamingContext(conf, Seconds(10))[0m
[0m[[0m[31merror[0m] [0m[0m                  ^[0m
[0m[[0m[31merror[0m] [0m[0m/home/noureddine/Desktop/VS code coding/SPARK-STREAMING-PFA/my_project/src/main/scala/KafkaSparkStreaming.scala:59:42: not found: value Seconds[0m
[0m[[0m[31merror[0m] [0m[0m    val ssc = new StreamingContext(conf, Seconds(10))[0m
[0m[[0m[31merror[0m] [0m[0m                                         ^[0m
[0m[[0m[31merror[0m] [0m[0m/home/noureddine/Desktop/VS code coding/SPARK-STREAMING-PFA/my_project/src/main/scala/KafkaSparkStreaming.scala:73:23: not found: value KafkaUtils[0m
[0m[[0m[31merror[0m] [0m[0m    val kafkaStream = KafkaUtils.createDirectStream[String, String]([0m
[0m[[0m[31merror[0m] [0m[0m                      ^[0m
[0m[[0m[31merror[0m] [0m[0m/home/noureddine/Desktop/VS code coding/SPARK-STREAMING-PFA/my_project/src/main/scala/KafkaSparkStreaming.scala:75:7: not found: value PreferConsistent[0m
[0m[[0m[31merror[0m] [0m[0m      PreferConsistent,[0m
[0m[[0m[31merror[0m] [0m[0m      ^[0m
[0m[[0m[31merror[0m] [0m[0m/home/noureddine/Desktop/VS code coding/SPARK-STREAMING-PFA/my_project/src/main/scala/KafkaSparkStreaming.scala:76:7: not found: value Subscribe[0m
[0m[[0m[31merror[0m] [0m[0m      Subscribe[String, String](topics, kafkaParams)[0m
[0m[[0m[31merror[0m] [0m[0m      ^[0m
[0m[[0m[31merror[0m] [0m[0m8 errors found[0m
[0m[[0m[31merror[0m] [0m[0m(Compile / [31mcompileIncremental[0m) Compilation failed[0m
[0m[[0m[31merror[0m] [0m[0mTotal time: 5 s, completed Apr 28, 2024, 1:50:48 PM[0m
[0m[[0m[0mdebug[0m] [0m[0m> Exec(shell, None, None)[0m
