2024.04.25 10:00:02 INFO  Started: Metals version 1.3.0 in folders '/home/noureddine/Desktop/VS code coding/SPARK-STREAMING-PFA' for client Visual Studio Code 1.88.1.
SLF4J: Class path contains multiple SLF4J providers.
SLF4J: Found provider [scribe.slf4j.ScribeServiceProvider@59adbdd4]
SLF4J: Found provider [ch.qos.logback.classic.spi.LogbackServiceProvider@52045c1]
SLF4J: See https://www.slf4j.org/codes.html#multiple_bindings for an explanation.
SLF4J: Actual provider is of type [scribe.slf4j.ScribeServiceProvider@59adbdd4]
2024.04.25 10:00:03 WARN  Flyway upgrade recommended: H2 2.2.224 is newer than this version of Flyway and support has not been tested. The latest supported version of H2 is 2.2.220.
Apr 25, 2024 10:00:06 AM org.eclipse.lsp4j.jsonrpc.RemoteEndpoint handleCancellation
WARNING: Unmatched cancel notification for request id 2
Apr 25, 2024 10:00:06 AM org.eclipse.lsp4j.jsonrpc.RemoteEndpoint handleCancellation
WARNING: Unmatched cancel notification for request id 1
2024.04.25 10:00:31 INFO  no build target found for /home/noureddine/Desktop/VS code coding/SPARK-STREAMING-PFA/my_project/build.sbt. Using presentation compiler with project's scala-library version: 3.3.3
2024.04.25 10:00:40 INFO  time: code lens generation in 6.78s
2024.04.26 09:42:59 INFO  time: code lens generation in 6.37s
Apr 26, 2024 9:43:10 AM org.eclipse.lsp4j.jsonrpc.RemoteEndpoint handleCancellation
WARNING: Unmatched cancel notification for request id 11
Apr 26, 2024 9:43:11 AM org.eclipse.lsp4j.jsonrpc.RemoteEndpoint handleCancellation
WARNING: Unmatched cancel notification for request id 13
Apr 26, 2024 9:43:11 AM org.eclipse.lsp4j.jsonrpc.RemoteEndpoint handleCancellation
WARNING: Unmatched cancel notification for request id 8
Apr 26, 2024 9:43:11 AM org.eclipse.lsp4j.jsonrpc.RemoteEndpoint handleCancellation
WARNING: Unmatched cancel notification for request id 9
Apr 27, 2024 4:28:08 PM org.eclipse.lsp4j.jsonrpc.RemoteEndpoint handleCancellation
WARNING: Unmatched cancel notification for request id 21
Apr 27, 2024 4:28:11 PM org.eclipse.lsp4j.jsonrpc.RemoteEndpoint handleCancellation
WARNING: Unmatched cancel notification for request id 23
Apr 27, 2024 4:28:11 PM org.eclipse.lsp4j.jsonrpc.RemoteEndpoint handleCancellation
WARNING: Unmatched cancel notification for request id 18
Apr 27, 2024 4:28:11 PM org.eclipse.lsp4j.jsonrpc.RemoteEndpoint handleCancellation
WARNING: Unmatched cancel notification for request id 19
2024.04.27 16:28:40 INFO  time: code lens generation in 36s
2024.04.27 16:36:53 INFO  time: code lens generation in 10s
2024.04.27 16:36:53 INFO  time: code lens generation in 5.82s
2024.04.27 19:41:26 INFO  time: code lens generation in 1.91s
2024.04.27 19:49:21 WARN  no build target for: /home/noureddine/Desktop/VS code coding/SPARK-STREAMING-PFA/my_project/src/main/scala/KafkaSparkStreaming.scala
2024.04.27 20:00:46 WARN  no build target for: /home/noureddine/Desktop/VS code coding/SPARK-STREAMING-PFA/my_project/build.sbt
2024.04.27 20:05:50 WARN  no build target for: /home/noureddine/Desktop/VS code coding/SPARK-STREAMING-PFA/my_project/build.sbt
Apr 27, 2024 8:16:19 PM org.eclipse.lsp4j.jsonrpc.RemoteEndpoint handleCancellation
WARNING: Unmatched cancel notification for request id 435
2024.04.27 20:17:53 WARN  no build target for: /home/noureddine/Desktop/VS code coding/SPARK-STREAMING-PFA/my_project/build.sbt
2024.04.27 20:29:27 ERROR Failed to tokenize input for semantic tokens for /home/noureddine/Desktop/VS code coding/SPARK-STREAMING-PFA/my_project/src/main/scala/KafkaSparkStreaming.scala
scala.meta.tokenizers.TokenizeException: <input>:20: error: unclosed comment
    /*//determine csv schema
    ^
	at scala.meta.internal.tokenizers.Reporter.incompleteInputError(Reporter.scala:27)
	at scala.meta.internal.tokenizers.Reporter.incompleteInputError$(Reporter.scala:26)
	at scala.meta.internal.tokenizers.Reporter$$anon$1.incompleteInputError(Reporter.scala:33)
	at scala.meta.internal.tokenizers.Reporter.incompleteInputError(Reporter.scala:29)
	at scala.meta.internal.tokenizers.Reporter.incompleteInputError$(Reporter.scala:29)
	at scala.meta.internal.tokenizers.Reporter$$anon$1.incompleteInputError(Reporter.scala:33)
	at scala.meta.internal.tokenizers.LegacyScanner.skipNestedComments(LegacyScanner.scala:55)
	at scala.meta.internal.tokenizers.LegacyScanner.skipToCommentEnd(LegacyScanner.scala:74)
	at scala.meta.internal.tokenizers.LegacyScanner.fetchToken(LegacyScanner.scala:316)
	at scala.meta.internal.tokenizers.LegacyScanner.nextToken(LegacyScanner.scala:214)
	at scala.meta.internal.tokenizers.LegacyScanner.foreach(LegacyScanner.scala:982)
	at scala.meta.internal.tokenizers.ScalametaTokenizer.uncachedTokenize(ScalametaTokenizer.scala:23)
	at scala.meta.internal.tokenizers.ScalametaTokenizer.$anonfun$tokenize$1(ScalametaTokenizer.scala:16)
	at scala.collection.concurrent.TrieMap.getOrElseUpdate(TrieMap.scala:960)
	at scala.meta.internal.tokenizers.ScalametaTokenizer.tokenize(ScalametaTokenizer.scala:16)
	at scala.meta.internal.tokenizers.ScalametaTokenizer$$anon$2.apply(ScalametaTokenizer.scala:331)
	at scala.meta.tokenizers.Api$XtensionTokenizeDialectInput.tokenize(Api.scala:25)
	at scala.meta.tokenizers.Api$XtensionTokenizeInputLike.tokenize(Api.scala:14)
	at scala.meta.internal.metals.SemanticTokensProvider$.getTokens(SemanticTokensProvider.scala:28)
	at scala.meta.internal.metals.SemanticTokensProvider$.provide(SemanticTokensProvider.scala:89)
	at scala.meta.internal.metals.Compilers.$anonfun$semanticTokens$3(Compilers.scala:597)
	at scala.concurrent.impl.Promise$Transformation.run(Promise.scala:467)
	at java.util.concurrent.ThreadPoolExecutor.runWorker(ThreadPoolExecutor.java:1136)
	at java.util.concurrent.ThreadPoolExecutor$Worker.run(ThreadPoolExecutor.java:635)
	at java.lang.Thread.run(Thread.java:833)

2024.04.27 20:29:47 WARN  no build target for: /home/noureddine/Desktop/VS code coding/SPARK-STREAMING-PFA/my_project/src/main/scala/KafkaSparkStreaming.scala
Apr 28, 2024 1:46:51 PM org.eclipse.lsp4j.jsonrpc.RemoteEndpoint handleCancellation
WARNING: Unmatched cancel notification for request id 898
Apr 28, 2024 1:47:00 PM org.eclipse.lsp4j.jsonrpc.RemoteEndpoint handleCancellation
WARNING: Unmatched cancel notification for request id 915
Apr 28, 2024 1:47:00 PM org.eclipse.lsp4j.jsonrpc.RemoteEndpoint handleCancellation
WARNING: Unmatched cancel notification for request id 920
Apr 28, 2024 1:47:00 PM org.eclipse.lsp4j.jsonrpc.RemoteEndpoint handleCancellation
WARNING: Unmatched cancel notification for request id 928
2024.04.28 13:47:08 INFO  time: code lens generation in 15s
2024.04.28 13:47:08 INFO  time: code lens generation in 2.44s
2024.04.28 13:47:08 INFO  time: code lens generation in 4.89s
2024.04.28 13:47:08 INFO  time: code lens generation in 8.21s
2024.04.28 13:47:08 INFO  time: code lens generation in 8.37s
2024.04.28 13:47:24 INFO  time: code lens generation in 2.82s
2024.04.28 13:47:27 INFO  time: code lens generation in 3.82s
2024.04.28 13:47:27 INFO  time: code lens generation in 3.23s
2024.04.28 13:47:34 WARN  no build target for: /home/noureddine/Desktop/VS code coding/SPARK-STREAMING-PFA/my_project/src/main/scala/KafkaSparkStreaming.scala
2024.04.28 13:48:26 INFO  time: code lens generation in 3.8s
2024.04.28 13:48:33 WARN  no build target for: /home/noureddine/Desktop/VS code coding/SPARK-STREAMING-PFA/my_project/src/main/scala/KafkaSparkStreaming.scala
Apr 28, 2024 1:50:11 PM org.eclipse.lsp4j.jsonrpc.RemoteEndpoint handleCancellation
WARNING: Unmatched cancel notification for request id 1147
2024.04.28 13:50:16 INFO  time: code lens generation in 1.12s
2024.04.28 13:50:37 WARN  no build target for: /home/noureddine/Desktop/VS code coding/SPARK-STREAMING-PFA/my_project/src/main/scala/KafkaSparkStreaming.scala
2024.04.28 13:51:32 ERROR Failed to tokenize input for semantic tokens for /home/noureddine/Desktop/VS code coding/SPARK-STREAMING-PFA/my_project/src/main/scala/KafkaSparkStreaming.scala
scala.meta.tokenizers.TokenizeException: <input>:14: error: unclosed comment
    /* //Creating sparksession
    ^
	at scala.meta.internal.tokenizers.Reporter.incompleteInputError(Reporter.scala:27)
	at scala.meta.internal.tokenizers.Reporter.incompleteInputError$(Reporter.scala:26)
	at scala.meta.internal.tokenizers.Reporter$$anon$1.incompleteInputError(Reporter.scala:33)
	at scala.meta.internal.tokenizers.Reporter.incompleteInputError(Reporter.scala:29)
	at scala.meta.internal.tokenizers.Reporter.incompleteInputError$(Reporter.scala:29)
	at scala.meta.internal.tokenizers.Reporter$$anon$1.incompleteInputError(Reporter.scala:33)
	at scala.meta.internal.tokenizers.LegacyScanner.skipNestedComments(LegacyScanner.scala:55)
	at scala.meta.internal.tokenizers.LegacyScanner.skipToCommentEnd(LegacyScanner.scala:74)
	at scala.meta.internal.tokenizers.LegacyScanner.fetchToken(LegacyScanner.scala:316)
	at scala.meta.internal.tokenizers.LegacyScanner.nextToken(LegacyScanner.scala:214)
	at scala.meta.internal.tokenizers.LegacyScanner.foreach(LegacyScanner.scala:982)
	at scala.meta.internal.tokenizers.ScalametaTokenizer.uncachedTokenize(ScalametaTokenizer.scala:23)
	at scala.meta.internal.tokenizers.ScalametaTokenizer.$anonfun$tokenize$1(ScalametaTokenizer.scala:16)
	at scala.collection.concurrent.TrieMap.getOrElseUpdate(TrieMap.scala:960)
	at scala.meta.internal.tokenizers.ScalametaTokenizer.tokenize(ScalametaTokenizer.scala:16)
	at scala.meta.internal.tokenizers.ScalametaTokenizer$$anon$2.apply(ScalametaTokenizer.scala:331)
	at scala.meta.tokenizers.Api$XtensionTokenizeDialectInput.tokenize(Api.scala:25)
	at scala.meta.tokenizers.Api$XtensionTokenizeInputLike.tokenize(Api.scala:14)
	at scala.meta.internal.metals.SemanticTokensProvider$.getTokens(SemanticTokensProvider.scala:28)
	at scala.meta.internal.metals.SemanticTokensProvider$.provide(SemanticTokensProvider.scala:89)
	at scala.meta.internal.metals.Compilers.$anonfun$semanticTokens$3(Compilers.scala:597)
	at scala.concurrent.impl.Promise$Transformation.run(Promise.scala:467)
	at java.util.concurrent.ThreadPoolExecutor.runWorker(ThreadPoolExecutor.java:1136)
	at java.util.concurrent.ThreadPoolExecutor$Worker.run(ThreadPoolExecutor.java:635)
	at java.lang.Thread.run(Thread.java:833)

2024.04.28 13:51:58 WARN  no build target for: /home/noureddine/Desktop/VS code coding/SPARK-STREAMING-PFA/my_project/src/main/scala/KafkaSparkStreaming.scala
Apr 28, 2024 1:52:00 PM org.eclipse.lsp4j.jsonrpc.RemoteEndpoint handleCancellation
WARNING: Unmatched cancel notification for request id 1287
2024.04.28 14:14:13 INFO  Started: Metals version 1.3.0 in folders '/home/noureddine/Desktop/VS code coding/SPARK-STREAMING-PFA' for client Visual Studio Code 1.88.1.
SLF4J: Class path contains multiple SLF4J providers.
SLF4J: Found provider [scribe.slf4j.ScribeServiceProvider@4cb7ee98]
SLF4J: Found provider [ch.qos.logback.classic.spi.LogbackServiceProvider@6bbce8c8]
SLF4J: See https://www.slf4j.org/codes.html#multiple_bindings for an explanation.
SLF4J: Actual provider is of type [scribe.slf4j.ScribeServiceProvider@4cb7ee98]
2024.04.28 14:14:19 WARN  Flyway upgrade recommended: H2 2.2.224 is newer than this version of Flyway and support has not been tested. The latest supported version of H2 is 2.2.220.
2024.04.28 14:15:07 INFO  no build target found for /home/noureddine/Desktop/VS code coding/SPARK-STREAMING-PFA/my_project/src/main/scala/KafkaSparkStreaming.scala. Using presentation compiler with project's scala-library version: 3.3.3
2024.04.28 14:26:27 WARN  no build target for: /home/noureddine/Desktop/VS code coding/SPARK-STREAMING-PFA/my_project/src/main/scala/KafkaSparkStreaming.scala
2024.04.28 14:28:24 WARN  no build target for: /home/noureddine/Desktop/VS code coding/SPARK-STREAMING-PFA/my_project/src/main/scala/KafkaSparkStreaming.scala
2024.04.28 14:29:12 WARN  no build target for: /home/noureddine/Desktop/VS code coding/SPARK-STREAMING-PFA/my_project/src/main/scala/KafkaSparkStreaming.scala
Apr 28, 2024 2:35:16 PM org.eclipse.lsp4j.jsonrpc.RemoteEndpoint handleCancellation
WARNING: Unmatched cancel notification for request id 442
Apr 28, 2024 3:26:11 PM org.eclipse.lsp4j.jsonrpc.RemoteEndpoint handleCancellation
WARNING: Unmatched cancel notification for request id 521
Apr 28, 2024 3:28:06 PM org.eclipse.lsp4j.jsonrpc.RemoteEndpoint handleCancellation
WARNING: Unmatched cancel notification for request id 665
Apr 28, 2024 3:28:06 PM org.eclipse.lsp4j.jsonrpc.RemoteEndpoint handleCancellation
WARNING: Unmatched cancel notification for request id 666
Apr 28, 2024 3:28:06 PM org.eclipse.lsp4j.jsonrpc.RemoteEndpoint handleCancellation
WARNING: Unmatched cancel notification for request id 668
Apr 28, 2024 3:28:06 PM org.eclipse.lsp4j.jsonrpc.RemoteEndpoint handleCancellation
WARNING: Unmatched cancel notification for request id 674
Apr 28, 2024 3:28:06 PM org.eclipse.lsp4j.jsonrpc.RemoteEndpoint handleCancellation
WARNING: Unmatched cancel notification for request id 670
Apr 28, 2024 3:28:06 PM org.eclipse.lsp4j.jsonrpc.RemoteEndpoint handleCancellation
WARNING: Unmatched cancel notification for request id 673
2024.04.28 15:34:58 WARN  no build target for: /home/noureddine/Desktop/VS code coding/SPARK-STREAMING-PFA/my_project/build.sbt
2024.04.28 15:34:58 WARN  Using indexes to guess the definition of sparkDependencies
2024.04.28 15:41:59 WARN  no build target for: /home/noureddine/Desktop/VS code coding/SPARK-STREAMING-PFA/my_project/src/main/scala/KafkaSparkStreaming.scala
2024.04.28 15:44:31 WARN  no build target for: /home/noureddine/Desktop/VS code coding/SPARK-STREAMING-PFA/my_project/build.sbt
2024.04.28 15:47:08 WARN  no build target for: /home/noureddine/Desktop/VS code coding/SPARK-STREAMING-PFA/my_project/build.sbt
2024.04.28 15:48:17 WARN  no build target for: /home/noureddine/Desktop/VS code coding/SPARK-STREAMING-PFA/my_project/build.sbt
2024.04.28 15:53:39 WARN  no build target for: /home/noureddine/Desktop/VS code coding/SPARK-STREAMING-PFA/my_project/build.sbt
2024.04.28 16:27:36 WARN  no build target for: /home/noureddine/Desktop/VS code coding/SPARK-STREAMING-PFA/my_project/src/main/scala/KafkaSparkStreaming.scala
2024.04.28 16:28:03 WARN  no build target for: /home/noureddine/Desktop/VS code coding/SPARK-STREAMING-PFA/my_project/src/main/scala/KafkaSparkStreaming.scala
2024.04.28 16:29:09 WARN  no build target for: /home/noureddine/Desktop/VS code coding/SPARK-STREAMING-PFA/my_project/src/main/scala/KafkaSparkStreaming.scala
2024.04.28 16:30:13 WARN  no build target for: /home/noureddine/Desktop/VS code coding/SPARK-STREAMING-PFA/my_project/src/main/scala/KafkaSparkStreaming.scala
2024.04.28 16:48:37 WARN  no build target for: /home/noureddine/Desktop/VS code coding/SPARK-STREAMING-PFA/my_project/src/main/scala/KafkaSparkStreaming.scala
2024.04.28 16:52:02 WARN  no build target for: /home/noureddine/Desktop/VS code coding/SPARK-STREAMING-PFA/my_project/src/main/scala/KafkaSparkStreaming.scala
2024.04.28 16:53:21 WARN  no build target for: /home/noureddine/Desktop/VS code coding/SPARK-STREAMING-PFA/my_project/src/main/scala/KafkaSparkStreaming.scala
2024.04.28 16:59:46 WARN  no build target for: /home/noureddine/Desktop/VS code coding/SPARK-STREAMING-PFA/my_project/src/main/scala/KafkaSparkStreaming.scala
2024.04.28 17:03:09 WARN  no build target for: /home/noureddine/Desktop/VS code coding/SPARK-STREAMING-PFA/my_project/src/main/scala/KafkaSparkStreaming.scala
2024.04.28 17:11:41 WARN  no build target for: /home/noureddine/Desktop/VS code coding/SPARK-STREAMING-PFA/my_project/src/main/scala/KafkaSparkStreaming.scala
2024.04.28 17:17:50 WARN  no build target for: /home/noureddine/Desktop/VS code coding/SPARK-STREAMING-PFA/my_project/src/main/scala/KafkaSparkStreaming.scala
2024.04.28 17:18:24 WARN  no build target for: /home/noureddine/Desktop/VS code coding/SPARK-STREAMING-PFA/my_project/src/main/scala/KafkaSparkStreaming.scala
2024.04.28 17:19:09 WARN  no build target for: /home/noureddine/Desktop/VS code coding/SPARK-STREAMING-PFA/my_project/src/main/scala/KafkaSparkStreaming.scala
2024.04.28 17:19:15 WARN  no build target for: /home/noureddine/Desktop/VS code coding/SPARK-STREAMING-PFA/my_project/src/main/scala/KafkaSparkStreaming.scala
Apr 28, 2024 5:20:22 PM org.eclipse.lsp4j.jsonrpc.RemoteEndpoint handleCancellation
WARNING: Unmatched cancel notification for request id 3188
2024.04.28 17:21:17 WARN  no build target for: /home/noureddine/Desktop/VS code coding/SPARK-STREAMING-PFA/my_project/src/main/scala/KafkaSparkStreaming.scala
2024.04.28 17:21:38 WARN  no build target for: /home/noureddine/Desktop/VS code coding/SPARK-STREAMING-PFA/my_project/src/main/scala/KafkaSparkStreaming.scala
2024.04.28 17:21:58 WARN  no build target for: /home/noureddine/Desktop/VS code coding/SPARK-STREAMING-PFA/my_project/src/main/scala/KafkaSparkStreaming.scala
2024.04.28 17:22:30 WARN  no build target for: /home/noureddine/Desktop/VS code coding/SPARK-STREAMING-PFA/my_project/src/main/scala/KafkaSparkStreaming.scala
2024.04.28 17:22:43 WARN  no build target for: /home/noureddine/Desktop/VS code coding/SPARK-STREAMING-PFA/my_project/src/main/scala/KafkaSparkStreaming.scala
2024.04.28 17:23:24 WARN  no build target for: /home/noureddine/Desktop/VS code coding/SPARK-STREAMING-PFA/my_project/src/main/scala/KafkaSparkStreaming.scala
2024.04.28 17:25:54 WARN  no build target for: /home/noureddine/Desktop/VS code coding/SPARK-STREAMING-PFA/my_project/src/main/scala/KafkaSparkStreaming.scala
Apr 28, 2024 5:28:37 PM org.eclipse.lsp4j.jsonrpc.RemoteEndpoint handleCancellation
WARNING: Unmatched cancel notification for request id 3595
2024.04.28 17:30:08 WARN  no build target for: /home/noureddine/Desktop/VS code coding/SPARK-STREAMING-PFA/my_project/src/main/scala/KafkaSparkStreaming.scala
2024.04.28 17:31:07 WARN  no build target for: /home/noureddine/Desktop/VS code coding/SPARK-STREAMING-PFA/my_project/src/main/scala/KafkaSparkStreaming.scala
2024.04.28 17:38:36 WARN  no build target for: /home/noureddine/Desktop/VS code coding/SPARK-STREAMING-PFA/my_project/src/main/scala/KafkaSparkStreaming.scala
2024.04.28 17:47:24 WARN  no build target for: /home/noureddine/Desktop/VS code coding/SPARK-STREAMING-PFA/my_project/src/main/scala/KafkaSparkStreaming.scala
2024.04.28 22:52:51 INFO  Shutting down server
2024.04.28 22:52:55 INFO  shutting down Metals
2024.04.28 22:53:03 ERROR Unexpected error initializing server: 
org.eclipse.lsp4j.jsonrpc.ResponseErrorException: Request window/showMessageRequest failed with message: Canceled
	at org.eclipse.lsp4j.jsonrpc.RemoteEndpoint.handleResponse(RemoteEndpoint.java:209)
	at org.eclipse.lsp4j.jsonrpc.RemoteEndpoint.consume(RemoteEndpoint.java:193)
	at org.eclipse.lsp4j.jsonrpc.json.StreamMessageProducer.handleMessage(StreamMessageProducer.java:194)
	at org.eclipse.lsp4j.jsonrpc.json.StreamMessageProducer.listen(StreamMessageProducer.java:94)
	at org.eclipse.lsp4j.jsonrpc.json.ConcurrentMessageProcessor.run(ConcurrentMessageProcessor.java:113)
	at java.util.concurrent.Executors$RunnableAdapter.call(Executors.java:539)
	at java.util.concurrent.FutureTask.run(FutureTask.java:264)
	at java.util.concurrent.ThreadPoolExecutor.runWorker(ThreadPoolExecutor.java:1136)
	at java.util.concurrent.ThreadPoolExecutor$Worker.run(ThreadPoolExecutor.java:635)
	at java.lang.Thread.run(Thread.java:833)

